<?xml version="1.0" encoding="UTF-8"?>
<!-- Generated by org.testng.reporters.JUnitReportReporter -->
<testsuite hostname="Vishnu" failures="0" tests="2" name="demo1.Day4" time="0.005" errors="0" timestamp="2022-09-18T23:24:46 IST" skipped="0">
  <testcase classname="demo1.Day4" name="retest" time="0.004"/>
  <system-out/>
  <testcase classname="demo1.Day4" name="datafetch" time="0.001"/>
  <system-out/>
</testsuite> <!-- demo1.Day4 -->
