<?xml version="1.0" encoding="UTF-8"?>
<!-- Generated by org.testng.reporters.JUnitReportReporter -->
<testsuite hostname="Vishnu" failures="0" tests="4" name="demo1.Day2" time="0.009" errors="0" timestamp="2022-09-18T23:24:46 IST" skipped="0">
  <testcase classname="demo1.Day2" name="createyser" time="0.003"/>
  <system-out/>
  <testcase classname="demo1.Day2" name="buildstable" time="0.001"/>
  <system-out/>
  <testcase classname="demo1.Day2" name="homepage" time="0.002"/>
  <system-out/>
  <testcase classname="demo1.Day2" name="addemplee" time="0.003"/>
  <system-out/>
</testsuite> <!-- demo1.Day2 -->
