<?xml version="1.0" encoding="UTF-8"?>
<!-- Generated by org.testng.reporters.JUnitReportReporter -->
<testsuite hostname="Vishnu" failures="0" tests="2" name="demo1.Day1" time="0.011" errors="0" timestamp="2022-09-18T23:24:46 IST" skipped="0">
  <testcase classname="demo1.Day1" name="username" time="0.003"/>
  <system-out/>
  <testcase classname="demo1.Day1" name="password" time="0.008"/>
  <system-out/>
</testsuite> <!-- demo1.Day1 -->
