<?xml version="1.0" encoding="UTF-8"?>
<!-- Generated by org.testng.reporters.JUnitReportReporter -->
<testsuite hostname="Vishnu" failures="0" tests="2" name="demo1.Day3" time="0.006" errors="0" timestamp="2022-09-18T23:24:46 IST" skipped="0">
  <testcase classname="demo1.Day3" name="server_Coverage" time="0.005"/>
  <system-out/>
  <testcase classname="demo1.Day3" name="buildstable_Retest" time="0.001"/>
  <system-out/>
</testsuite> <!-- demo1.Day3 -->
